23.02.2014 3:47:46 org.apache.catalina.core.AprLifecycleListener init
INFO: The APR based Apache Tomcat Native library which allows optimal performance in production environments was not found on the java.library.path: .:/Library/Java/Extensions:/System/Library/Java/Extensions:/usr/lib/java
23.02.2014 3:47:46 org.apache.coyote.AbstractProtocol init
INFO: Initializing ProtocolHandler ["http-bio-8080"]
23.02.2014 3:47:46 org.apache.coyote.AbstractProtocol init
INFO: Initializing ProtocolHandler ["ajp-bio-8009"]
23.02.2014 3:47:46 org.apache.catalina.startup.Catalina load
INFO: Initialization processed in 776 ms
23.02.2014 3:47:46 org.apache.catalina.core.StandardService startInternal
INFO: Starting service Catalina
23.02.2014 3:47:46 org.apache.catalina.core.StandardEngine startInternal
INFO: Starting Servlet Engine: Apache Tomcat/7.0.52
23.02.2014 3:47:46 org.apache.catalina.startup.HostConfig deployDirectory
INFO: Deploying web application directory /Users/madina/Applications/apache-tomcat-7.0.52/webapps/docs
23.02.2014 3:47:47 org.apache.tomcat.websocket.server.WsSci onStartup
INFO: JSR 356 WebSocket (Java WebSocket 1.0) support is not available when running on Java 6. To suppress this message, run Tomcat on Java 7, remove the WebSocket JARs from $CATALINA_HOME/lib or add the WebSocketJARs to the tomcat.util.scan.DefaultJarScanner.jarsToSkip property in $CATALINA_BASE/conf/catalina.properties. Note that the deprecated Tomcat 7 WebSocket API will be available. 
23.02.2014 3:47:47 org.apache.catalina.startup.HostConfig deployDirectory
INFO: Deploying web application directory /Users/madina/Applications/apache-tomcat-7.0.52/webapps/examples
23.02.2014 3:47:47 org.apache.catalina.startup.HostConfig deployDirectory
INFO: Deploying web application directory /Users/madina/Applications/apache-tomcat-7.0.52/webapps/host-manager
23.02.2014 3:47:47 org.apache.catalina.startup.HostConfig deployDirectory
INFO: Deploying web application directory /Users/madina/Applications/apache-tomcat-7.0.52/webapps/manager
23.02.2014 3:47:47 org.apache.catalina.startup.HostConfig deployDirectory
INFO: Deploying web application directory /Users/madina/Applications/apache-tomcat-7.0.52/webapps/ROOT
23.02.2014 3:47:47 org.apache.coyote.AbstractProtocol start
INFO: Starting ProtocolHandler ["http-bio-8080"]
23.02.2014 3:47:47 org.apache.coyote.AbstractProtocol start
INFO: Starting ProtocolHandler ["ajp-bio-8009"]
23.02.2014 3:47:47 org.apache.catalina.startup.Catalina start
INFO: Server startup in 1393 ms
23.02.2014 13:36:28 org.apache.coyote.AbstractProtocol pause
INFO: Pausing ProtocolHandler ["http-bio-8080"]
23.02.2014 13:36:29 org.apache.coyote.AbstractProtocol pause
INFO: Pausing ProtocolHandler ["ajp-bio-8009"]
23.02.2014 13:36:29 org.apache.catalina.core.StandardService stopInternal
INFO: Stopping service Catalina
23.02.2014 13:36:29 org.apache.coyote.AbstractProtocol stop
INFO: Stopping ProtocolHandler ["http-bio-8080"]
23.02.2014 13:36:29 org.apache.coyote.AbstractProtocol stop
INFO: Stopping ProtocolHandler ["ajp-bio-8009"]
23.02.2014 13:36:29 org.apache.coyote.AbstractProtocol destroy
INFO: Destroying ProtocolHandler ["http-bio-8080"]
23.02.2014 13:36:29 org.apache.coyote.AbstractProtocol destroy
INFO: Destroying ProtocolHandler ["ajp-bio-8009"]
