июн 17, 2014 1:29:31 AM org.apache.catalina.core.StandardServer await
WARNING: StandardServer.await: Invalid command '' received
июн 17, 2014 1:29:34 AM org.apache.catalina.startup.HostConfig reload
INFO: Reloading context [/Planning]
июн 17, 2014 1:29:34 AM org.apache.catalina.core.StandardContext reload
INFO: Reloading Context with name [/Planning] has started
июн 17, 2014 1:29:34 AM org.springframework.context.support.AbstractApplicationContext doClose
INFO: Closing WebApplicationContext for namespace 'Planning-servlet': startup date [Sun Jun 15 21:42:40 MSK 2014]; root of context hierarchy
июн 17, 2014 1:29:34 AM org.springframework.beans.factory.support.DefaultSingletonBeanRegistry destroySingletons
INFO: Destroying singletons in org.springframework.beans.factory.support.DefaultListableBeanFactory@29f29436: defining beans [org.springframework.web.servlet.mvc.annotation.DefaultAnnotationHandlerMapping#0,org.springframework.format.support.FormattingConversionServiceFactoryBean#0,org.springframework.web.servlet.mvc.annotation.AnnotationMethodHandlerAdapter#0,org.springframework.web.servlet.handler.MappedInterceptor#0,viewResolver]; root of factory hierarchy
июн 17, 2014 1:29:37 AM org.apache.catalina.core.StandardContext reload
INFO: Reloading Context with name [/Planning] is completed
июн 17, 2014 1:30:32 AM org.apache.catalina.core.StandardServer await
WARNING: StandardServer.await: Invalid command '' received
июн 17, 2014 1:31:51 AM org.apache.catalina.core.StandardServer await
WARNING: StandardServer.await: Invalid command '' received
июн 17, 2014 1:34:07 AM org.apache.catalina.startup.HostConfig undeploy
INFO: Undeploying context [/Planning]
июн 17, 2014 1:34:14 AM org.apache.catalina.core.StandardServer await
WARNING: StandardServer.await: Invalid command '' received
июн 17, 2014 1:34:18 AM org.apache.catalina.startup.HostConfig deployDirectory
INFO: Deploying web application directory /Users/madina/Applications/apache-tomcat-7.0.52/webapps/Planning
