июн 06, 2014 10:03:12 AM org.apache.catalina.core.StandardServer await
WARNING: StandardServer.await: Invalid command '' received
июн 06, 2014 10:03:20 AM org.apache.catalina.startup.HostConfig deployDirectory
INFO: Deploying web application directory /Users/madina/Applications/apache-tomcat-7.0.52/webapps/WebPlanning
июн 06, 2014 10:06:05 AM org.apache.catalina.core.StandardServer await
WARNING: StandardServer.await: Invalid command '' received
июн 06, 2014 10:06:11 AM org.apache.catalina.startup.HostConfig reload
INFO: Reloading context [/WebPlanning]
июн 06, 2014 10:06:11 AM org.apache.catalina.core.StandardContext reload
INFO: Reloading Context with name [/WebPlanning] has started
июн 06, 2014 10:06:11 AM org.apache.catalina.core.StandardContext reload
INFO: Reloading Context with name [/WebPlanning] is completed
июн 06, 2014 10:50:01 AM org.apache.catalina.core.StandardServer await
WARNING: StandardServer.await: Invalid command '' received
июн 06, 2014 10:50:07 AM org.apache.catalina.startup.HostConfig reload
INFO: Reloading context [/WebPlanning]
июн 06, 2014 10:50:07 AM org.apache.catalina.core.StandardContext reload
INFO: Reloading Context with name [/WebPlanning] has started
июн 06, 2014 10:50:08 AM org.apache.catalina.core.StandardContext reload
INFO: Reloading Context with name [/WebPlanning] is completed
июн 06, 2014 10:51:04 AM org.apache.catalina.core.StandardServer await
WARNING: StandardServer.await: Invalid command '' received
июн 06, 2014 10:51:08 AM org.apache.catalina.startup.HostConfig reload
INFO: Reloading context [/WebPlanning]
июн 06, 2014 10:51:08 AM org.apache.catalina.core.StandardContext reload
INFO: Reloading Context with name [/WebPlanning] has started
июн 06, 2014 10:51:08 AM org.apache.catalina.core.StandardContext reload
INFO: Reloading Context with name [/WebPlanning] is completed
июн 06, 2014 10:52:02 AM org.apache.catalina.core.StandardServer await
WARNING: StandardServer.await: Invalid command '' received
июн 06, 2014 10:55:58 AM org.apache.catalina.startup.HostConfig undeploy
INFO: Undeploying context [/WebPlanning]
июн 06, 2014 10:55:59 AM org.apache.catalina.startup.HostConfig deployDirectory
INFO: Deploying web application directory /Users/madina/Applications/apache-tomcat-7.0.52/webapps/WebPlanning
июн 06, 2014 10:56:01 AM org.springframework.web.servlet.FrameworkServlet initServletBean
INFO: FrameworkServlet 'Planning': initialization started
июн 06, 2014 10:56:01 AM org.springframework.context.support.AbstractApplicationContext prepareRefresh
INFO: Refreshing WebApplicationContext for namespace 'Planning-servlet': startup date [Fri Jun 06 10:56:01 MSK 2014]; root of context hierarchy
июн 06, 2014 10:56:01 AM org.springframework.beans.factory.xml.XmlBeanDefinitionReader loadBeanDefinitions
INFO: Loading XML bean definitions from ServletContext resource [/WEB-INF/spring/app-config.xml]
июн 06, 2014 10:56:01 AM org.springframework.beans.factory.xml.XmlBeanDefinitionReader loadBeanDefinitions
INFO: Loading XML bean definitions from ServletContext resource [/WEB-INF/spring/hibernate.cfg.xml]
июн 06, 2014 10:57:19 AM org.springframework.web.servlet.FrameworkServlet initServletBean
SEVERE: Context initialization failed
org.springframework.beans.factory.parsing.BeanDefinitionParsingException: Configuration problem: Failed to import bean definitions from relative location [hibernate.cfg.xml]
Offending resource: ServletContext resource [/WEB-INF/spring/app-config.xml]; nested exception is org.springframework.beans.factory.BeanDefinitionStoreException: IOException parsing XML document from ServletContext resource [/WEB-INF/spring/hibernate.cfg.xml]; nested exception is java.net.ConnectException: Operation timed out
	at org.springframework.beans.factory.parsing.FailFastProblemReporter.error(FailFastProblemReporter.java:68)
	at org.springframework.beans.factory.parsing.ReaderContext.error(ReaderContext.java:85)
	at org.springframework.beans.factory.parsing.ReaderContext.error(ReaderContext.java:76)
	at org.springframework.beans.factory.xml.DefaultBeanDefinitionDocumentReader.importBeanDefinitionResource(DefaultBeanDefinitionDocumentReader.java:219)
	at org.springframework.beans.factory.xml.DefaultBeanDefinitionDocumentReader.parseDefaultElement(DefaultBeanDefinitionDocumentReader.java:148)
	at org.springframework.beans.factory.xml.DefaultBeanDefinitionDocumentReader.parseBeanDefinitions(DefaultBeanDefinitionDocumentReader.java:133)
	at org.springframework.beans.factory.xml.DefaultBeanDefinitionDocumentReader.registerBeanDefinitions(DefaultBeanDefinitionDocumentReader.java:93)
	at org.springframework.beans.factory.xml.XmlBeanDefinitionReader.registerBeanDefinitions(XmlBeanDefinitionReader.java:493)
	at org.springframework.beans.factory.xml.XmlBeanDefinitionReader.doLoadBeanDefinitions(XmlBeanDefinitionReader.java:390)
	at org.springframework.beans.factory.xml.XmlBeanDefinitionReader.loadBeanDefinitions(XmlBeanDefinitionReader.java:334)
	at org.springframework.beans.factory.xml.XmlBeanDefinitionReader.loadBeanDefinitions(XmlBeanDefinitionReader.java:302)
	at org.springframework.beans.factory.support.AbstractBeanDefinitionReader.loadBeanDefinitions(AbstractBeanDefinitionReader.java:143)
	at org.springframework.beans.factory.support.AbstractBeanDefinitionReader.loadBeanDefinitions(AbstractBeanDefinitionReader.java:178)
	at org.springframework.beans.factory.support.AbstractBeanDefinitionReader.loadBeanDefinitions(AbstractBeanDefinitionReader.java:149)
	at org.springframework.web.context.support.XmlWebApplicationContext.loadBeanDefinitions(XmlWebApplicationContext.java:124)
	at org.springframework.web.context.support.XmlWebApplicationContext.loadBeanDefinitions(XmlWebApplicationContext.java:93)
	at org.springframework.context.support.AbstractRefreshableApplicationContext.refreshBeanFactory(AbstractRefreshableApplicationContext.java:130)
	at org.springframework.context.support.AbstractApplicationContext.obtainFreshBeanFactory(AbstractApplicationContext.java:465)
	at org.springframework.context.support.AbstractApplicationContext.refresh(AbstractApplicationContext.java:395)
	at org.springframework.web.servlet.FrameworkServlet.createWebApplicationContext(FrameworkServlet.java:442)
	at org.springframework.web.servlet.FrameworkServlet.createWebApplicationContext(FrameworkServlet.java:458)
	at org.springframework.web.servlet.FrameworkServlet.initWebApplicationContext(FrameworkServlet.java:339)
	at org.springframework.web.servlet.FrameworkServlet.initServletBean(FrameworkServlet.java:306)
	at org.springframework.web.servlet.HttpServletBean.init(HttpServletBean.java:127)
	at javax.servlet.GenericServlet.init(GenericServlet.java:158)
	at org.apache.catalina.core.StandardWrapper.initServlet(StandardWrapper.java:1279)
	at org.apache.catalina.core.StandardWrapper.loadServlet(StandardWrapper.java:1192)
	at org.apache.catalina.core.StandardWrapper.load(StandardWrapper.java:1087)
	at org.apache.catalina.core.StandardContext.loadOnStartup(StandardContext.java:5210)
	at org.apache.catalina.core.StandardContext.startInternal(StandardContext.java:5493)
	at org.apache.catalina.util.LifecycleBase.start(LifecycleBase.java:150)
	at org.apache.catalina.core.ContainerBase.addChildInternal(ContainerBase.java:901)
	at org.apache.catalina.core.ContainerBase.addChild(ContainerBase.java:877)
	at org.apache.catalina.core.StandardHost.addChild(StandardHost.java:632)
	at org.apache.catalina.startup.HostConfig.deployDirectory(HostConfig.java:1229)
	at org.apache.catalina.startup.HostConfig$DeployDirectory.run(HostConfig.java:1875)
	at java.util.concurrent.Executors$RunnableAdapter.call(Executors.java:471)
	at java.util.concurrent.FutureTask.run(FutureTask.java:262)
	at java.util.concurrent.ThreadPoolExecutor.runWorker(ThreadPoolExecutor.java:1145)
	at java.util.concurrent.ThreadPoolExecutor$Worker.run(ThreadPoolExecutor.java:615)
	at java.lang.Thread.run(Thread.java:744)
Caused by: org.springframework.beans.factory.BeanDefinitionStoreException: IOException parsing XML document from ServletContext resource [/WEB-INF/spring/hibernate.cfg.xml]; nested exception is java.net.ConnectException: Operation timed out
	at org.springframework.beans.factory.xml.XmlBeanDefinitionReader.doLoadBeanDefinitions(XmlBeanDefinitionReader.java:408)
	at org.springframework.beans.factory.xml.XmlBeanDefinitionReader.loadBeanDefinitions(XmlBeanDefinitionReader.java:334)
	at org.springframework.beans.factory.xml.XmlBeanDefinitionReader.loadBeanDefinitions(XmlBeanDefinitionReader.java:302)
	at org.springframework.beans.factory.xml.DefaultBeanDefinitionDocumentReader.importBeanDefinitionResource(DefaultBeanDefinitionDocumentReader.java:203)
	... 37 more
Caused by: java.net.ConnectException: Operation timed out
	at java.net.PlainSocketImpl.socketConnect(Native Method)
	at java.net.AbstractPlainSocketImpl.doConnect(AbstractPlainSocketImpl.java:339)
	at java.net.AbstractPlainSocketImpl.connectToAddress(AbstractPlainSocketImpl.java:200)
	at java.net.AbstractPlainSocketImpl.connect(AbstractPlainSocketImpl.java:182)
	at java.net.SocksSocketImpl.connect(SocksSocketImpl.java:392)
	at java.net.Socket.connect(Socket.java:579)
	at java.net.Socket.connect(Socket.java:528)
	at sun.net.NetworkClient.doConnect(NetworkClient.java:180)
	at sun.net.www.http.HttpClient.openServer(HttpClient.java:432)
	at sun.net.www.http.HttpClient.openServer(HttpClient.java:527)
	at sun.net.www.http.HttpClient.<init>(HttpClient.java:211)
	at sun.net.www.http.HttpClient.New(HttpClient.java:308)
	at sun.net.www.http.HttpClient.New(HttpClient.java:326)
	at sun.net.www.protocol.http.HttpURLConnection.getNewHttpClient(HttpURLConnection.java:996)
	at sun.net.www.protocol.http.HttpURLConnection.plainConnect(HttpURLConnection.java:932)
	at sun.net.www.protocol.http.HttpURLConnection.connect(HttpURLConnection.java:850)
	at sun.net.www.protocol.http.HttpURLConnection.followRedirect(HttpURLConnection.java:2398)
	at sun.net.www.protocol.http.HttpURLConnection.getInputStream(HttpURLConnection.java:1557)
	at com.sun.org.apache.xerces.internal.impl.XMLEntityManager.setupCurrentEntity(XMLEntityManager.java:637)
	at com.sun.org.apache.xerces.internal.impl.XMLEntityManager.startEntity(XMLEntityManager.java:1290)
	at com.sun.org.apache.xerces.internal.impl.XMLEntityManager.startDTDEntity(XMLEntityManager.java:1257)
	at com.sun.org.apache.xerces.internal.impl.XMLDTDScannerImpl.setInputSource(XMLDTDScannerImpl.java:263)
	at com.sun.org.apache.xerces.internal.impl.XMLDocumentScannerImpl$DTDDriver.dispatch(XMLDocumentScannerImpl.java:1164)
	at com.sun.org.apache.xerces.internal.impl.XMLDocumentScannerImpl$DTDDriver.next(XMLDocumentScannerImpl.java:1050)
	at com.sun.org.apache.xerces.internal.impl.XMLDocumentScannerImpl$PrologDriver.next(XMLDocumentScannerImpl.java:964)
	at com.sun.org.apache.xerces.internal.impl.XMLDocumentScannerImpl.next(XMLDocumentScannerImpl.java:606)
	at com.sun.org.apache.xerces.internal.impl.XMLDocumentFragmentScannerImpl.scanDocument(XMLDocumentFragmentScannerImpl.java:510)
	at com.sun.org.apache.xerces.internal.parsers.XML11Configuration.parse(XML11Configuration.java:848)
	at com.sun.org.apache.xerces.internal.parsers.XML11Configuration.parse(XML11Configuration.java:777)
	at com.sun.org.apache.xerces.internal.parsers.XMLParser.parse(XMLParser.java:141)
	at com.sun.org.apache.xerces.internal.parsers.DOMParser.parse(DOMParser.java:243)
	at com.sun.org.apache.xerces.internal.jaxp.DocumentBuilderImpl.parse(DocumentBuilderImpl.java:347)
	at org.springframework.beans.factory.xml.DefaultDocumentLoader.loadDocument(DefaultDocumentLoader.java:75)
	at org.springframework.beans.factory.xml.XmlBeanDefinitionReader.doLoadBeanDefinitions(XmlBeanDefinitionReader.java:388)
	... 40 more

июн 06, 2014 10:58:00 AM org.apache.catalina.startup.HostConfig undeploy
INFO: Undeploying context [/WebPlanning]
июн 06, 2014 10:58:00 AM org.apache.catalina.startup.HostConfig deployDirectory
INFO: Deploying web application directory /Users/madina/Applications/apache-tomcat-7.0.52/webapps/WebPlanning
июн 06, 2014 10:58:19 AM org.apache.catalina.core.StandardServer await
WARNING: StandardServer.await: Invalid command '' received
июн 06, 2014 10:59:00 AM org.apache.catalina.core.StandardServer await
WARNING: StandardServer.await: Invalid command '' received
июн 06, 2014 10:59:00 AM org.apache.catalina.startup.HostConfig reload
INFO: Reloading context [/WebPlanning]
июн 06, 2014 10:59:00 AM org.apache.catalina.core.StandardContext reload
INFO: Reloading Context with name [/WebPlanning] has started
июн 06, 2014 10:59:01 AM org.apache.catalina.core.StandardContext reload
INFO: Reloading Context with name [/WebPlanning] is completed
июн 06, 2014 10:59:25 AM org.apache.catalina.core.StandardServer await
WARNING: StandardServer.await: Invalid command '' received
июн 06, 2014 11:00:55 AM org.apache.catalina.core.StandardServer await
WARNING: StandardServer.await: Invalid command '' received
июн 06, 2014 11:01:01 AM org.apache.catalina.startup.HostConfig reload
INFO: Reloading context [/WebPlanning]
июн 06, 2014 11:01:01 AM org.apache.catalina.core.StandardContext reload
INFO: Reloading Context with name [/WebPlanning] has started
июн 06, 2014 11:01:01 AM org.apache.catalina.core.StandardContext reload
INFO: Reloading Context with name [/WebPlanning] is completed
июн 06, 2014 11:01:33 AM org.apache.catalina.core.StandardServer await
WARNING: StandardServer.await: Invalid command '' received
июн 06, 2014 11:01:41 AM org.apache.catalina.startup.HostConfig reload
INFO: Reloading context [/WebPlanning]
июн 06, 2014 11:01:41 AM org.apache.catalina.core.StandardContext reload
INFO: Reloading Context with name [/WebPlanning] has started
июн 06, 2014 11:01:42 AM org.apache.catalina.core.StandardContext reload
INFO: Reloading Context with name [/WebPlanning] is completed
июн 06, 2014 11:02:13 AM org.apache.catalina.core.StandardServer await
WARNING: StandardServer.await: Invalid command '' received
июн 06, 2014 11:02:52 AM org.apache.catalina.startup.HostConfig undeploy
INFO: Undeploying context [/WebPlanning]
июн 06, 2014 11:03:31 AM org.apache.catalina.core.StandardServer await
WARNING: StandardServer.await: Invalid command '' received
июн 06, 2014 11:03:32 AM org.apache.catalina.startup.HostConfig deployDirectory
INFO: Deploying web application directory /Users/madina/Applications/apache-tomcat-7.0.52/webapps/WebPlanning
июн 06, 2014 11:06:44 AM org.apache.catalina.core.StandardServer await
WARNING: StandardServer.await: Invalid command '' received
июн 06, 2014 11:07:13 AM org.apache.catalina.startup.HostConfig undeploy
INFO: Undeploying context [/WebPlanning]
июн 06, 2014 11:07:34 AM org.apache.catalina.startup.HostConfig deployDirectory
INFO: Deploying web application directory /Users/madina/Applications/apache-tomcat-7.0.52/webapps/WebPlanning
июн 06, 2014 11:33:00 AM org.apache.catalina.core.StandardServer await
WARNING: StandardServer.await: Invalid command '' received
июн 06, 2014 11:36:34 AM org.apache.catalina.startup.HostConfig reload
INFO: Reloading context [/WebPlanning]
июн 06, 2014 11:36:34 AM org.apache.catalina.core.StandardContext reload
INFO: Reloading Context with name [/WebPlanning] has started
июн 06, 2014 11:36:34 AM org.apache.catalina.core.StandardContext reload
INFO: Reloading Context with name [/WebPlanning] is completed
июн 06, 2014 11:36:41 AM org.apache.catalina.core.StandardServer await
WARNING: StandardServer.await: Invalid command '' received
июн 06, 2014 11:43:00 AM org.apache.catalina.core.StandardServer await
WARNING: StandardServer.await: Invalid command '' received
июн 06, 2014 11:44:05 AM org.apache.catalina.startup.HostConfig reload
INFO: Reloading context [/WebPlanning]
июн 06, 2014 11:44:05 AM org.apache.catalina.core.StandardContext reload
INFO: Reloading Context with name [/WebPlanning] has started
июн 06, 2014 11:44:05 AM org.apache.catalina.core.StandardContext reload
INFO: Reloading Context with name [/WebPlanning] is completed
июн 06, 2014 11:44:05 AM org.apache.catalina.core.StandardServer await
WARNING: StandardServer.await: Invalid command '' received
июн 06, 2014 11:44:37 AM org.apache.catalina.core.StandardServer await
WARNING: StandardServer.await: Invalid command '' received
июн 06, 2014 11:45:16 AM org.apache.catalina.startup.HostConfig undeploy
INFO: Undeploying context [/WebPlanning]
июн 06, 2014 11:45:36 AM org.apache.catalina.core.StandardServer await
WARNING: StandardServer.await: Invalid command '' received
июн 06, 2014 11:45:46 AM org.apache.catalina.startup.HostConfig deployDirectory
INFO: Deploying web application directory /Users/madina/Applications/apache-tomcat-7.0.52/webapps/WebPlanning
июн 06, 2014 11:47:43 AM org.apache.catalina.core.StandardServer await
WARNING: StandardServer.await: Invalid command '' received
июн 06, 2014 11:52:02 AM org.apache.catalina.core.StandardServer await
WARNING: StandardServer.await: Invalid command '' received
июн 06, 2014 12:05:27 PM org.apache.catalina.core.StandardServer await
WARNING: StandardServer.await: Invalid command '' received
июн 06, 2014 2:56:09 PM org.apache.catalina.core.StandardServer await
WARNING: StandardServer.await: Invalid command '' received
июн 06, 2014 2:56:11 PM org.apache.catalina.startup.HostConfig reload
INFO: Reloading context [/WebPlanning]
июн 06, 2014 2:56:11 PM org.apache.catalina.core.StandardContext reload
INFO: Reloading Context with name [/WebPlanning] has started
июн 06, 2014 2:56:12 PM org.apache.catalina.core.StandardContext reload
INFO: Reloading Context with name [/WebPlanning] is completed
июн 06, 2014 3:46:53 PM org.apache.catalina.startup.HostConfig reload
INFO: Reloading context [/WebPlanning]
июн 06, 2014 3:46:53 PM org.apache.catalina.core.StandardContext reload
INFO: Reloading Context with name [/WebPlanning] has started
июн 06, 2014 3:46:54 PM org.apache.catalina.core.StandardContext reload
INFO: Reloading Context with name [/WebPlanning] is completed
июн 06, 2014 3:47:00 PM org.apache.catalina.core.StandardServer await
WARNING: StandardServer.await: Invalid command '' received
июн 06, 2014 4:29:35 PM org.apache.catalina.startup.HostConfig undeploy
INFO: Undeploying context [/WebPlanning]
июн 06, 2014 4:29:55 PM org.apache.catalina.startup.HostConfig deployDirectory
INFO: Deploying web application directory /Users/madina/Applications/apache-tomcat-7.0.52/webapps/WebPlanning
июн 06, 2014 4:30:00 PM org.apache.catalina.core.StandardServer await
WARNING: StandardServer.await: Invalid command '' received
июн 06, 2014 4:38:59 PM org.apache.catalina.startup.HostConfig undeploy
INFO: Undeploying context [/WebPlanning]
июн 06, 2014 4:39:39 PM org.apache.catalina.startup.HostConfig deployDirectory
INFO: Deploying web application directory /Users/madina/Applications/apache-tomcat-7.0.52/webapps/WebPlanning
июн 06, 2014 4:39:51 PM org.apache.catalina.core.StandardServer await
WARNING: StandardServer.await: Invalid command '' received
июн 06, 2014 4:40:50 PM org.apache.catalina.startup.HostConfig undeploy
INFO: Undeploying context [/WebPlanning]
июн 06, 2014 4:41:50 PM org.apache.catalina.startup.HostConfig deployDirectory
INFO: Deploying web application directory /Users/madina/Applications/apache-tomcat-7.0.52/webapps/WebPlanning
июн 06, 2014 4:42:42 PM org.apache.catalina.core.StandardServer await
WARNING: StandardServer.await: Invalid command '' received
июн 06, 2014 10:07:56 PM org.apache.catalina.startup.HostConfig undeploy
INFO: Undeploying context [/WebPlanning]
июн 06, 2014 10:17:40 PM org.apache.catalina.core.StandardServer await
WARNING: StandardServer.await: Invalid command '' received
июн 06, 2014 10:17:47 PM org.apache.catalina.startup.HostConfig deployDirectory
INFO: Deploying web application directory /Users/madina/Applications/apache-tomcat-7.0.52/webapps/WebPlanning
июн 06, 2014 10:19:03 PM org.apache.catalina.core.StandardServer await
WARNING: StandardServer.await: Invalid command '' received
июн 06, 2014 10:20:57 PM org.apache.catalina.core.StandardServer await
WARNING: StandardServer.await: Invalid command '' received
июн 06, 2014 10:27:18 PM org.apache.catalina.startup.HostConfig reload
INFO: Reloading context [/WebPlanning]
июн 06, 2014 10:27:18 PM org.apache.catalina.core.StandardContext reload
INFO: Reloading Context with name [/WebPlanning] has started
июн 06, 2014 10:27:18 PM org.apache.catalina.core.StandardContext reload
INFO: Reloading Context with name [/WebPlanning] is completed
июн 06, 2014 10:27:22 PM org.apache.catalina.core.StandardServer await
WARNING: StandardServer.await: Invalid command '' received
июн 06, 2014 10:29:06 PM org.apache.catalina.core.StandardServer await
WARNING: StandardServer.await: Invalid command '' received
июн 06, 2014 10:34:19 PM org.apache.catalina.startup.HostConfig reload
INFO: Reloading context [/WebPlanning]
июн 06, 2014 10:34:19 PM org.apache.catalina.core.StandardContext reload
INFO: Reloading Context with name [/WebPlanning] has started
июн 06, 2014 10:34:19 PM org.apache.catalina.core.StandardContext reload
INFO: Reloading Context with name [/WebPlanning] is completed
июн 06, 2014 10:34:24 PM org.apache.catalina.core.StandardServer await
WARNING: StandardServer.await: Invalid command '' received
июн 06, 2014 10:34:49 PM org.apache.jasper.compiler.TldLocationsCache tldScanJar
INFO: At least one JAR was scanned for TLDs yet contained no TLDs. Enable debug logging for this logger for a complete list of JARs that were scanned but no TLDs were found in them. Skipping unneeded JARs during scanning can improve startup time and JSP compilation time.
июн 06, 2014 10:37:09 PM org.apache.catalina.startup.HostConfig reload
INFO: Reloading context [/WebPlanning]
июн 06, 2014 10:37:09 PM org.apache.catalina.core.StandardContext reload
INFO: Reloading Context with name [/WebPlanning] has started
июн 06, 2014 10:37:10 PM org.apache.catalina.core.StandardContext reload
INFO: Reloading Context with name [/WebPlanning] is completed
июн 06, 2014 10:37:13 PM org.apache.catalina.core.StandardServer await
WARNING: StandardServer.await: Invalid command '' received
июн 06, 2014 10:38:20 PM org.apache.catalina.startup.HostConfig undeploy
INFO: Undeploying context [/WebPlanning]
июн 06, 2014 10:39:01 PM org.apache.catalina.startup.HostConfig deployDirectory
INFO: Deploying web application directory /Users/madina/Applications/apache-tomcat-7.0.52/webapps/WebPlanning
июн 06, 2014 10:39:19 PM org.apache.catalina.core.StandardServer await
WARNING: StandardServer.await: Invalid command '' received
июн 06, 2014 10:45:21 PM org.apache.catalina.startup.HostConfig reload
INFO: Reloading context [/WebPlanning]
июн 06, 2014 10:45:21 PM org.apache.catalina.core.StandardContext reload
INFO: Reloading Context with name [/WebPlanning] has started
июн 06, 2014 10:45:21 PM org.apache.catalina.core.StandardContext reload
INFO: Reloading Context with name [/WebPlanning] is completed
июн 06, 2014 10:45:35 PM org.apache.catalina.core.StandardServer await
WARNING: StandardServer.await: Invalid command '' received
