май 12, 2014 5:13:05 PM org.apache.catalina.core.ApplicationContext log
INFO: ContextListener: contextInitialized()
май 12, 2014 5:13:05 PM org.apache.catalina.core.ApplicationContext log
INFO: SessionListener: contextInitialized()
май 12, 2014 5:13:05 PM org.apache.catalina.core.ApplicationContext log
INFO: ContextListener: attributeAdded('org.apache.jasper.compiler.TldLocationsCache', 'org.apache.jasper.compiler.TldLocationsCache@5b29297f')
май 12, 2014 5:21:01 PM org.apache.catalina.core.ApplicationContext log
INFO: SessionListener: contextDestroyed()
май 12, 2014 5:21:01 PM org.apache.catalina.core.ApplicationContext log
INFO: ContextListener: contextDestroyed()
май 12, 2014 5:21:07 PM org.apache.catalina.core.ApplicationContext log
INFO: ContextListener: contextInitialized()
май 12, 2014 5:21:07 PM org.apache.catalina.core.ApplicationContext log
INFO: SessionListener: contextInitialized()
май 12, 2014 5:21:07 PM org.apache.catalina.core.ApplicationContext log
INFO: ContextListener: attributeAdded('org.apache.jasper.compiler.TldLocationsCache', 'org.apache.jasper.compiler.TldLocationsCache@5b29297f')
май 12, 2014 5:24:24 PM org.apache.catalina.core.ApplicationContext log
INFO: SessionListener: contextDestroyed()
май 12, 2014 5:24:24 PM org.apache.catalina.core.ApplicationContext log
INFO: ContextListener: contextDestroyed()
май 12, 2014 5:24:29 PM org.apache.catalina.core.ApplicationContext log
INFO: ContextListener: contextInitialized()
май 12, 2014 5:24:29 PM org.apache.catalina.core.ApplicationContext log
INFO: SessionListener: contextInitialized()
май 12, 2014 5:24:29 PM org.apache.catalina.core.ApplicationContext log
INFO: ContextListener: attributeAdded('org.apache.jasper.compiler.TldLocationsCache', 'org.apache.jasper.compiler.TldLocationsCache@5268c04d')
